500
0
1
eji-a 3
1
2
ejj-b 3
a-b 3
2
1
b-c 3
3
2
c-d 3
ejj-d 3
4
1
d-e 3
5
2
e-f 3
ejj-f 3
6
1
f-g 3
7
2
ejj-h 3
g-h 3
8
1
h-i 3
9
2
i-j 3
ejj-j 3
10
1
j-ba 3
11
2
ba-bb 3
ejj-bb 3
12
1
bb-bc 3
13
2
ejj-bd 3
bc-bd 3
14
1
bd-be 3
15
2
ejj-bf 3
be-bf 3
16
1
bf-bg 3
17
2
bg-bh 3
ejj-bh 3
18
1
bh-bi 3
19
2
bi-bj 3
ejj-bj 3
20
1
bj-ca 3
21
2
ejj-cb 3
ca-cb 3
22
1
cb-cc 3
23
2
ejj-cd 3
cc-cd 3
24
1
cd-ce 3
25
2
ejj-cf 3
ce-cf 3
26
1
cf-cg 3
27
2
ejj-ch 3
cg-ch 3
28
1
ch-ci 3
29
2
ci-cj 3
ejj-cj 3
30
1
cj-da 3
31
2
da-db 3
ejj-db 3
32
1
db-dc 3
33
2
dc-dd 3
ejj-dd 3
34
1
dd-de 3
35
2
ejj-df 3
de-df 3
36
1
df-dg 3
37
2
dg-dh 3
ejj-dh 3
38
1
dh-di 3
39
2
ejj-dj 3
di-dj 3
40
1
dj-ea 3
41
2
ejj-eb 3
ea-eb 3
42
1
eb-ec 3
43
2
ejj-ed 3
ec-ed 3
44
1
ed-ee 3
45
2
ejj-ef 3
ee-ef 3
46
1
ef-eg 3
47
2
ejj-eh 3
eg-eh 3
48
1
eh-ei 3
49
2
ejj-ej 3
ei-ej 3
50
1
ej-fa 3
51
2
fa-fb 3
ejj-fb 3
52
1
fb-fc 3
53
2
fc-fd 3
ejj-fd 3
54
1
fd-fe 3
55
2
ejj-ff 3
fe-ff 3
56
1
ff-fg 3
57
2
ejj-fh 3
fg-fh 3
58
1
fh-fi 3
59
2
fi-fj 3
ejj-fj 3
60
1
fj-ga 3
61
2
ga-gb 3
ejj-gb 3
62
1
gb-gc 3
63
2
gc-gd 3
ejj-gd 3
64
1
gd-ge 3
65
2
ge-gf 3
ejj-gf 3
66
1
gf-gg 3
67
2
gg-gh 3
ejj-gh 3
68
1
gh-gi 3
69
2
gi-gj 3
ejj-gj 3
70
1
gj-ha 3
71
2
ejj-hb 3
ha-hb 3
72
1
hb-hc 3
73
2
ejj-hd 3
hc-hd 3
74
1
hd-he 3
75
2
he-hf 3
ejj-hf 3
76
1
hf-hg 3
77
2
hg-hh 3
ejj-hh 3
78
1
hh-hi 3
79
2
hi-hj 3
ejj-hj 3
80
1
hj-ia 3
81
2
ejj-ib 3
ia-ib 3
82
1
ib-ic 3
83
2
ejj-id 3
ic-id 3
84
1
id-ie 3
85
2
ejj-if 3
ie-if 3
86
1
if-ig 3
87
2
ejj-ih 3
ig-ih 3
88
1
ih-ii 3
89
2
ii-ij 3
ejj-ij 3
90
1
ij-ja 3
91
2
ja-jb 3
ejj-jb 3
92
1
jb-jc 3
93
2
ejj-jd 3
jc-jd 3
94
1
jd-je 3
95
2
je-jf 3
ejj-jf 3
96
1
jf-jg 3
97
2
jg-jh 3
ejj-jh 3
98
1
jh-ji 3
99
2
ejj-jj 3
ji-jj 3
100
1
jj-baa 3
101
2
ejj-bab 3
baa-bab 3
102
1
bab-bac 3
103
2
ejj-bad 3
bac-bad 3
104
1
bad-bae 3
105
2
ejj-baf 3
bae-baf 3
106
1
baf-bag 3
107
2
bag-bah 3
ejj-bah 3
108
1
bah-bai 3
109
2
ejj-baj 3
bai-baj 3
110
1
baj-bba 3
111
2
bba-bbb 3
ejj-bbb 3
112
1
bbb-bbc 3
113
2
bbc-bbd 3
ejj-bbd 3
114
1
bbd-bbe 3
115
2
bbe-bbf 3
ejj-bbf 3
116
1
bbf-bbg 3
117
2
ejj-bbh 3
bbg-bbh 3
118
1
bbh-bbi 3
119
2
bbi-bbj 3
ejj-bbj 3
120
1
bbj-bca 3
121
2
bca-bcb 3
ejj-bcb 3
122
1
bcb-bcc 3
123
2
bcc-bcd 3
ejj-bcd 3
124
1
bcd-bce 3
125
2
bce-bcf 3
ejj-bcf 3
126
1
bcf-bcg 3
127
2
bcg-bch 3
ejj-bch 3
128
1
bch-bci 3
129
2
ejj-bcj 3
bci-bcj 3
130
1
bcj-bda 3
131
2
bda-bdb 3
ejj-bdb 3
132
1
bdb-bdc 3
133
2
ejj-bdd 3
bdc-bdd 3
134
1
bdd-bde 3
135
2
bde-bdf 3
ejj-bdf 3
136
1
bdf-bdg 3
137
2
ejj-bdh 3
bdg-bdh 3
138
1
bdh-bdi 3
139
2
ejj-bdj 3
bdi-bdj 3
140
1
bdj-bea 3
141
2
bea-beb 3
ejj-beb 3
142
1
beb-bec 3
143
2
bec-bed 3
ejj-bed 3
144
1
bed-bee 3
145
2
ejj-bef 3
bee-bef 3
146
1
bef-beg 3
147
2
ejj-beh 3
beg-beh 3
148
1
beh-bei 3
149
2
ejj-bej 3
bei-bej 3
150
1
bej-bfa 3
151
2
ejj-bfb 3
bfa-bfb 3
152
1
bfb-bfc 3
153
2
bfc-bfd 3
ejj-bfd 3
154
1
bfd-bfe 3
155
2
ejj-bff 3
bfe-bff 3
156
1
bff-bfg 3
157
2
bfg-bfh 3
ejj-bfh 3
158
1
bfh-bfi 3
159
2
ejj-bfj 3
bfi-bfj 3
160
1
bfj-bga 3
161
2
ejj-bgb 3
bga-bgb 3
162
1
bgb-bgc 3
163
2
bgc-bgd 3
ejj-bgd 3
164
1
bgd-bge 3
165
2
bge-bgf 3
ejj-bgf 3
166
1
bgf-bgg 3
167
2
bgg-bgh 3
ejj-bgh 3
168
1
bgh-bgi 3
169
2
ejj-bgj 3
bgi-bgj 3
170
1
bgj-bha 3
171
2
ejj-bhb 3
bha-bhb 3
172
1
bhb-bhc 3
173
2
ejj-bhd 3
bhc-bhd 3
174
1
bhd-bhe 3
175
2
ejj-bhf 3
bhe-bhf 3
176
1
bhf-bhg 3
177
2
bhg-bhh 3
ejj-bhh 3
178
1
bhh-bhi 3
179
2
ejj-bhj 3
bhi-bhj 3
180
1
bhj-bia 3
181
2
bia-bib 3
ejj-bib 3
182
1
bib-bic 3
183
2
bic-bid 3
ejj-bid 3
184
1
bid-bie 3
185
2
bie-bif 3
ejj-bif 3
186
1
bif-big 3
187
2
big-bih 3
ejj-bih 3
188
1
bih-bii 3
189
2
bii-bij 3
ejj-bij 3
190
1
bij-bja 3
191
2
bja-bjb 3
ejj-bjb 3
192
1
bjb-bjc 3
193
2
bjc-bjd 3
ejj-bjd 3
194
1
bjd-bje 3
195
2
bje-bjf 3
ejj-bjf 3
196
1
bjf-bjg 3
197
2
bjg-bjh 3
ejj-bjh 3
198
1
bjh-bji 3
199
2
ejj-bjj 3
bji-bjj 3
200
1
bjj-caa 3
201
2
caa-cab 3
ejj-cab 3
202
1
cab-cac 3
203
2
ejj-cad 3
cac-cad 3
204
1
cad-cae 3
205
2
ejj-caf 3
cae-caf 3
206
1
caf-cag 3
207
2
ejj-cah 3
cag-cah 3
208
1
cah-cai 3
209
2
ejj-caj 3
cai-caj 3
210
1
caj-cba 3
211
2
cba-cbb 3
ejj-cbb 3
212
1
cbb-cbc 3
213
2
ejj-cbd 3
cbc-cbd 3
214
1
cbd-cbe 3
215
2
cbe-cbf 3
ejj-cbf 3
216
1
cbf-cbg 3
217
2
ejj-cbh 3
cbg-cbh 3
218
1
cbh-cbi 3
219
2
cbi-cbj 3
ejj-cbj 3
220
1
cbj-cca 3
221
2
cca-ccb 3
ejj-ccb 3
222
1
ccb-ccc 3
223
2
ccc-ccd 3
ejj-ccd 3
224
1
ccd-cce 3
225
2
ejj-ccf 3
cce-ccf 3
226
1
ccf-ccg 3
227
2
ccg-cch 3
ejj-cch 3
228
1
cch-cci 3
229
2
ejj-ccj 3
cci-ccj 3
230
1
ccj-cda 3
231
2
ejj-cdb 3
cda-cdb 3
232
1
cdb-cdc 3
233
2
cdc-cdd 3
ejj-cdd 3
234
1
cdd-cde 3
235
2
ejj-cdf 3
cde-cdf 3
236
1
cdf-cdg 3
237
2
ejj-cdh 3
cdg-cdh 3
238
1
cdh-cdi 3
239
2
ejj-cdj 3
cdi-cdj 3
240
1
cdj-cea 3
241
2
ejj-ceb 3
cea-ceb 3
242
1
ceb-cec 3
243
2
ejj-ced 3
cec-ced 3
244
1
ced-cee 3
245
2
cee-cef 3
ejj-cef 3
246
1
cef-ceg 3
247
2
ceg-ceh 3
ejj-ceh 3
248
1
ceh-cei 3
249
2
cei-cej 3
ejj-cej 3
250
1
cej-cfa 3
251
2
cfa-cfb 3
ejj-cfb 3
252
1
cfb-cfc 3
253
2
ejj-cfd 3
cfc-cfd 3
254
1
cfd-cfe 3
255
2
ejj-cff 3
cfe-cff 3
256
1
cff-cfg 3
257
2
ejj-cfh 3
cfg-cfh 3
258
1
cfh-cfi 3
259
2
ejj-cfj 3
cfi-cfj 3
260
1
cfj-cga 3
261
2
ejj-cgb 3
cga-cgb 3
262
1
cgb-cgc 3
263
2
cgc-cgd 3
ejj-cgd 3
264
1
cgd-cge 3
265
2
cge-cgf 3
ejj-cgf 3
266
1
cgf-cgg 3
267
2
cgg-cgh 3
ejj-cgh 3
268
1
cgh-cgi 3
269
2
ejj-cgj 3
cgi-cgj 3
270
1
cgj-cha 3
271
2
ejj-chb 3
cha-chb 3
272
1
chb-chc 3
273
2
chc-chd 3
ejj-chd 3
274
1
chd-che 3
275
2
che-chf 3
ejj-chf 3
276
1
chf-chg 3
277
2
ejj-chh 3
chg-chh 3
278
1
chh-chi 3
279
2
chi-chj 3
ejj-chj 3
280
1
chj-cia 3
281
2
cia-cib 3
ejj-cib 3
282
1
cib-cic 3
283
2
cic-cid 3
ejj-cid 3
284
1
cid-cie 3
285
2
cie-cif 3
ejj-cif 3
286
1
cif-cig 3
287
2
cig-cih 3
ejj-cih 3
288
1
cih-cii 3
289
2
cii-cij 3
ejj-cij 3
290
1
cij-cja 3
291
2
cja-cjb 3
ejj-cjb 3
292
1
cjb-cjc 3
293
2
cjc-cjd 3
ejj-cjd 3
294
1
cjd-cje 3
295
2
ejj-cjf 3
cje-cjf 3
296
1
cjf-cjg 3
297
2
ejj-cjh 3
cjg-cjh 3
298
1
cjh-cji 3
299
2
ejj-cjj 3
cji-cjj 3
300
1
cjj-daa 3
301
2
ejj-dab 3
daa-dab 3
302
1
dab-dac 3
303
2
ejj-dad 3
dac-dad 3
304
1
dad-dae 3
305
2
dae-daf 3
ejj-daf 3
306
1
daf-dag 3
307
2
dag-dah 3
ejj-dah 3
308
1
dah-dai 3
309
2
ejj-daj 3
dai-daj 3
310
1
daj-dba 3
311
2
ejj-dbb 3
dba-dbb 3
312
1
dbb-dbc 3
313
2
ejj-dbd 3
dbc-dbd 3
314
1
dbd-dbe 3
315
2
ejj-dbf 3
dbe-dbf 3
316
1
dbf-dbg 3
317
2
ejj-dbh 3
dbg-dbh 3
318
1
dbh-dbi 3
319
2
ejj-dbj 3
dbi-dbj 3
320
1
dbj-dca 3
321
2
ejj-dcb 3
dca-dcb 3
322
1
dcb-dcc 3
323
2
ejj-dcd 3
dcc-dcd 3
324
1
dcd-dce 3
325
2
dce-dcf 3
ejj-dcf 3
326
1
dcf-dcg 3
327
2
dcg-dch 3
ejj-dch 3
328
1
dch-dci 3
329
2
dci-dcj 3
ejj-dcj 3
330
1
dcj-dda 3
331
2
dda-ddb 3
ejj-ddb 3
332
1
ddb-ddc 3
333
2
ejj-ddd 3
ddc-ddd 3
334
1
ddd-dde 3
335
2
ejj-ddf 3
dde-ddf 3
336
1
ddf-ddg 3
337
2
ddg-ddh 3
ejj-ddh 3
338
1
ddh-ddi 3
339
2
ejj-ddj 3
ddi-ddj 3
340
1
ddj-dea 3
341
2
dea-deb 3
ejj-deb 3
342
1
deb-dec 3
343
2
dec-ded 3
ejj-ded 3
344
1
ded-dee 3
345
2
dee-def 3
ejj-def 3
346
1
def-deg 3
347
2
ejj-deh 3
deg-deh 3
348
1
deh-dei 3
349
2
dei-dej 3
ejj-dej 3
350
1
dej-dfa 3
351
2
dfa-dfb 3
ejj-dfb 3
352
1
dfb-dfc 3
353
2
ejj-dfd 3
dfc-dfd 3
354
1
dfd-dfe 3
355
2
dfe-dff 3
ejj-dff 3
356
1
dff-dfg 3
357
2
ejj-dfh 3
dfg-dfh 3
358
1
dfh-dfi 3
359
2
ejj-dfj 3
dfi-dfj 3
360
1
dfj-dga 3
361
2
dga-dgb 3
ejj-dgb 3
362
1
dgb-dgc 3
363
2
ejj-dgd 3
dgc-dgd 3
364
1
dgd-dge 3
365
2
dge-dgf 3
ejj-dgf 3
366
1
dgf-dgg 3
367
2
ejj-dgh 3
dgg-dgh 3
368
1
dgh-dgi 3
369
2
dgi-dgj 3
ejj-dgj 3
370
1
dgj-dha 3
371
2
ejj-dhb 3
dha-dhb 3
372
1
dhb-dhc 3
373
2
ejj-dhd 3
dhc-dhd 3
374
1
dhd-dhe 3
375
2
dhe-dhf 3
ejj-dhf 3
376
1
dhf-dhg 3
377
2
ejj-dhh 3
dhg-dhh 3
378
1
dhh-dhi 3
379
2
dhi-dhj 3
ejj-dhj 3
380
1
dhj-dia 3
381
2
dia-dib 3
ejj-dib 3
382
1
dib-dic 3
383
2
ejj-did 3
dic-did 3
384
1
did-die 3
385
2
ejj-dif 3
die-dif 3
386
1
dif-dig 3
387
2
ejj-dih 3
dig-dih 3
388
1
dih-dii 3
389
2
ejj-dij 3
dii-dij 3
390
1
dij-dja 3
391
2
ejj-djb 3
dja-djb 3
392
1
djb-djc 3
393
2
ejj-djd 3
djc-djd 3
394
1
djd-dje 3
395
2
ejj-djf 3
dje-djf 3
396
1
djf-djg 3
397
2
ejj-djh 3
djg-djh 3
398
1
djh-dji 3
399
2
dji-djj 3
ejj-djj 3
400
1
djj-eaa 3
401
2
eaa-eab 3
ejj-eab 3
402
1
eab-eac 3
403
2
ejj-ead 3
eac-ead 3
404
1
ead-eae 3
405
2
eae-eaf 3
ejj-eaf 3
406
1
eaf-eag 3
407
2
eag-eah 3
ejj-eah 3
408
1
eah-eai 3
409
2
ejj-eaj 3
eai-eaj 3
410
1
eaj-eba 3
411
2
ejj-ebb 3
eba-ebb 3
412
1
ebb-ebc 3
413
2
ebc-ebd 3
ejj-ebd 3
414
1
ebd-ebe 3
415
2
ebe-ebf 3
ejj-ebf 3
416
1
ebf-ebg 3
417
2
ejj-ebh 3
ebg-ebh 3
418
1
ebh-ebi 3
419
2
ebi-ebj 3
ejj-ebj 3
420
1
ebj-eca 3
421
2
eca-ecb 3
ejj-ecb 3
422
1
ecb-ecc 3
423
2
ecc-ecd 3
ejj-ecd 3
424
1
ecd-ece 3
425
2
ece-ecf 3
ejj-ecf 3
426
1
ecf-ecg 3
427
2
ejj-ech 3
ecg-ech 3
428
1
ech-eci 3
429
2
eci-ecj 3
ejj-ecj 3
430
1
ecj-eda 3
431
2
eda-edb 3
ejj-edb 3
432
1
edb-edc 3
433
2
ejj-edd 3
edc-edd 3
434
1
edd-ede 3
435
2
ejj-edf 3
ede-edf 3
436
1
edf-edg 3
437
2
edg-edh 3
ejj-edh 3
438
1
edh-edi 3
439
2
edi-edj 3
ejj-edj 3
440
1
edj-eea 3
441
2
eea-eeb 3
ejj-eeb 3
442
1
eeb-eec 3
443
2
eec-eed 3
ejj-eed 3
444
1
eed-eee 3
445
2
eee-eef 3
ejj-eef 3
446
1
eef-eeg 3
447
2
eeg-eeh 3
ejj-eeh 3
448
1
eeh-eei 3
449
2
eei-eej 3
ejj-eej 3
450
1
eej-efa 3
451
2
ejj-efb 3
efa-efb 3
452
1
efb-efc 3
453
2
ejj-efd 3
efc-efd 3
454
1
efd-efe 3
455
2
efe-eff 3
ejj-eff 3
456
1
eff-efg 3
457
2
ejj-efh 3
efg-efh 3
458
1
efh-efi 3
459
2
ejj-efj 3
efi-efj 3
460
1
efj-ega 3
461
2
ejj-egb 3
ega-egb 3
462
1
egb-egc 3
463
2
egc-egd 3
ejj-egd 3
464
1
egd-ege 3
465
2
ejj-egf 3
ege-egf 3
466
1
egf-egg 3
467
2
ejj-egh 3
egg-egh 3
468
1
egh-egi 3
469
2
ejj-egj 3
egi-egj 3
470
1
egj-eha 3
471
2
ejj-ehb 3
eha-ehb 3
472
1
ehb-ehc 3
473
2
ehc-ehd 3
ejj-ehd 3
474
1
ehd-ehe 3
475
2
ehe-ehf 3
ejj-ehf 3
476
1
ehf-ehg 3
477
2
ejj-ehh 3
ehg-ehh 3
478
1
ehh-ehi 3
479
2
ejj-ehj 3
ehi-ehj 3
480
1
ehj-eia 3
481
2
ejj-eib 3
eia-eib 3
482
1
eib-eic 3
483
2
eic-eid 3
ejj-eid 3
484
1
eid-eie 3
485
2
eie-eif 3
ejj-eif 3
486
1
eif-eig 3
487
2
eig-eih 3
ejj-eih 3
488
1
eih-eii 3
489
2
eii-eij 3
ejj-eij 3
490
1
eij-eja 3
491
2
eja-ejb 3
ejj-ejb 3
492
1
ejb-ejc 3
493
2
ejc-ejd 3
ejj-ejd 3
494
1
ejd-eje 3
495
2
eje-ejf 3
ejj-ejf 3
496
1
ejf-ejg 3
497
2
ejg-ejh 3
ejj-ejh 3
498
1
ejh-eji 3
499
250
edc-ejj 3
bei-ejj 3
dhg-ejj 3
eda-ejj 3
chc-ejj 3
ege-ejj 3
cac-ejj 3
cfi-ejj 3
egi-ejj 3
cie-ejj 3
chi-ejj 3
ce-ejj 3
eja-ejj 3
egg-ejj 3
efe-ejj 3
edi-ejj 3
bdi-ejj 3
cha-ejj 3
cbg-ejj 3
efi-ejj 3
cgg-ejj 3
bhg-ejj 3
bai-ejj 3
cae-ejj 3
ecc-ejj 3
dbg-ejj 3
eji-ejj 3
bjc-ejj 3
ei-ejj 3
bbi-ejj 3
ehi-ejj 3
bdg-ejj 3
dac-ejj 3
cjc-ejj 3
ehg-ejj 3
i-ejj 3
eae-ejj 3
dce-ejj 3
cec-ejj 3
ig-ejj 3
edg-ejj 3
bjg-ejj 3
ddg-ejj 3
hg-ejj 3
bca-ejj 3
bic-ejj 3
cje-ejj 3
bfc-ejj 3
bji-ejj 3
c-ejj 3
eag-ejj 3
ea-ejj 3
ge-ejj 3
cgi-ejj 3
dcg-ejj 3
cgc-ejj 3
efg-ejj 3
bja-ejj 3
dga-ejj 3
cei-ejj 3
dfe-ejj 3
che-ejj 3
dic-ejj 3
bbe-ejj 3
bcc-ejj 3
cii-ejj 3
ii-ejj 3
dae-ejj 3
fe-ejj 3
bfi-ejj 3
eba-ejj 3
dha-ejj 3
dfg-ejj 3
bci-ejj 3
efc-ejj 3
ebe-ejj 3
dbc-ejj 3
cca-ejj 3
bce-ejj 3
cia-ejj 3
ec-ejj 3
deg-ejj 3
e-ejj 3
ci-ejj 3
dhc-ejj 3
g-ejj 3
ehc-ejj 3
cce-ejj 3
je-ejj 3
cjg-ejj 3
ic-ejj 3
dhi-ejj 3
djg-ejj 3
ja-ejj 3
dda-ejj 3
bee-ejj 3
dig-ejj 3
bgi-ejj 3
hi-ejj 3
ba-ejj 3
cai-ejj 3
cba-ejj 3
dhe-ejj 3
ejg-ejj 3
eac-ejj 3
ega-ejj 3
bde-ejj 3
dca-ejj 3
dbe-ejj 3
bge-ejj 3
cfa-ejj 3
ecg-ejj 3
ha-ejj 3
ee-ejj 3
dge-ejj 3
eia-ejj 3
ebi-ejj 3
bcg-ejj 3
bac-ejj 3
djc-ejj 3
bia-ejj 3
cea-ejj 3
cbc-ejj 3
ga-ejj 3
bbg-ejj 3
eii-ejj 3
cde-ejj 3
gc-ejj 3
ca-ejj 3
cbi-ejj 3
dee-ejj 3
de-ejj 3
ebg-ejj 3
a-ejj 3
di-ejj 3
dde-ejj 3
bhe-ejj 3
ehe-ejj 3
beg-ejj 3
ccc-ejj 3
eie-ejj 3
cji-ejj 3
dc-ejj 3
eci-ejj 3
chg-ejj 3
eca-ejj 3
bii-ejj 3
ceg-ejj 3
bba-ejj 3
eai-ejj 3
dg-ejj 3
dfi-ejj 3
dii-ejj 3
jg-ejj 3
dec-ejj 3
ebc-ejj 3
cc-ejj 3
dfa-ejj 3
bg-ejj 3
dje-ejj 3
eje-ejj 3
bhi-ejj 3
fg-ejj 3
cda-ejj 3
hc-ejj 3
jc-ejj 3
dja-ejj 3
dji-ejj 3
bbc-ejj 3
dia-ejj 3
eeg-ejj 3
bgg-ejj 3
bie-ejj 3
dea-ejj 3
eic-ejj 3
eea-ejj 3
cic-ejj 3
die-ejj 3
bfa-ejj 3
cci-ejj 3
cdc-ejj 3
bae-ejj 3
bje-ejj 3
bea-ejj 3
bec-ejj 3
fi-ejj 3
dei-ejj 3
bag-ejj 3
dbi-ejj 3
dgg-ejj 3
dfc-ejj 3
cg-ejj 3
da-ejj 3
ejc-ejj 3
cdi-ejj 3
cbe-ejj 3
ji-ejj 3
eee-ejj 3
cee-ejj 3
efa-ejj 3
ia-ejj 3
eec-ejj 3
dag-ejj 3
eaa-ejj 3
ie-ejj 3
bda-ejj 3
fa-ejj 3
big-ejj 3
dgc-ejj 3
egc-ejj 3
ddc-ejj 3
cja-ejj 3
eei-ejj 3
cge-ejj 3
dci-ejj 3
bha-ejj 3
bdc-ejj 3
cfc-ejj 3
bgc-ejj 3
eha-ejj 3
bfg-ejj 3
eig-ejj 3
cga-ejj 3
cdg-ejj 3
ece-ejj 3
dba-ejj 3
bfe-ejj 3
be-ejj 3
dcc-ejj 3
dai-ejj 3
eg-ejj 3
bga-ejj 3
daa-ejj 3
cfe-ejj 3
bi-ejj 3
baa-ejj 3
bhc-ejj 3
cig-ejj 3
cfg-ejj 3
ddi-ejj 3
ccg-ejj 3
cag-ejj 3
gg-ejj 3
bc-ejj 3
he-ejj 3
fc-ejj 3
ede-ejj 3
dgi-ejj 3
gi-ejj 3
caa-ejj 3
